<?xml version="1.0" encoding="UTF-8"?>
<!-- Generated by org.testng.reporters.JUnitXMLReporter -->
<testsuite ignored="0" hostname="DESKTOP-9ORSESM" failures="0" tests="6" name="Default test" time="16.234" errors="0" timestamp="2022-05-13T13:49:13 IST">
  <testcase classname="Question.testQuestionNo2" name="verifyingSignUpCheckBox" time="0.494"/>
  <testcase classname="Question.testQuestionNo2" name="verifyingSignUpEmail" time="0.154"/>
  <testcase classname="Question.testQuestionNo2" name="verifyingSignUpLanguageDropdown" time="0.147"/>
  <testcase classname="Question.testQuestionNo2" name="verifyingSignUpOrgName" time="0.208"/>
  <testcase classname="Question.testQuestionNo2" name="verifyingSignUpSignupBtn" time="0.066"/>
  <testcase classname="Question.testQuestionNo2" name="verifyingSignUpUserName" time="0.139"/>
</testsuite> <!-- Default test -->
