<?xml version="1.0" encoding="UTF-8"?>
<testng-results ignored="0" total="6" passed="6" failed="0" skipped="0">
  <reporter-output>
  </reporter-output>
  <suite started-at="2022-05-13T13:48:57 IST" name="Default suite" finished-at="2022-05-13T13:49:13 IST" duration-ms="16234">
    <groups>
    </groups>
    <test started-at="2022-05-13T13:48:57 IST" name="Default test" finished-at="2022-05-13T13:49:13 IST" duration-ms="16234">
      <class name="Question.testQuestionNo2">
        <test-method is-config="true" signature="browserInitialization()[pri:0, instance:Question.testQuestionNo2@d29f28]" started-at="2022-05-13T13:48:57 IST" name="browserInitialization" finished-at="2022-05-13T13:49:11 IST" duration-ms="14381" status="PASS">
          <reporter-output>
          </reporter-output>
        </test-method> <!-- browserInitialization -->
        <test-method signature="verifyingSignUpCheckBox()[pri:0, instance:Question.testQuestionNo2@d29f28]" started-at="2022-05-13T13:49:11 IST" name="verifyingSignUpCheckBox" finished-at="2022-05-13T13:49:12 IST" duration-ms="494" status="PASS">
          <reporter-output>
          </reporter-output>
        </test-method> <!-- verifyingSignUpCheckBox -->
        <test-method signature="verifyingSignUpEmail()[pri:0, instance:Question.testQuestionNo2@d29f28]" started-at="2022-05-13T13:49:12 IST" name="verifyingSignUpEmail" finished-at="2022-05-13T13:49:12 IST" duration-ms="154" status="PASS">
          <reporter-output>
          </reporter-output>
        </test-method> <!-- verifyingSignUpEmail -->
        <test-method signature="verifyingSignUpLanguageDropdown()[pri:0, instance:Question.testQuestionNo2@d29f28]" started-at="2022-05-13T13:49:12 IST" name="verifyingSignUpLanguageDropdown" finished-at="2022-05-13T13:49:12 IST" duration-ms="147" status="PASS">
          <reporter-output>
          </reporter-output>
        </test-method> <!-- verifyingSignUpLanguageDropdown -->
        <test-method signature="verifyingSignUpOrgName()[pri:0, instance:Question.testQuestionNo2@d29f28]" started-at="2022-05-13T13:49:12 IST" name="verifyingSignUpOrgName" finished-at="2022-05-13T13:49:12 IST" duration-ms="208" status="PASS">
          <reporter-output>
          </reporter-output>
        </test-method> <!-- verifyingSignUpOrgName -->
        <test-method signature="verifyingSignUpSignupBtn()[pri:0, instance:Question.testQuestionNo2@d29f28]" started-at="2022-05-13T13:49:12 IST" name="verifyingSignUpSignupBtn" finished-at="2022-05-13T13:49:13 IST" duration-ms="66" status="PASS">
          <reporter-output>
          </reporter-output>
        </test-method> <!-- verifyingSignUpSignupBtn -->
        <test-method signature="verifyingSignUpUserName()[pri:0, instance:Question.testQuestionNo2@d29f28]" started-at="2022-05-13T13:49:13 IST" name="verifyingSignUpUserName" finished-at="2022-05-13T13:49:13 IST" duration-ms="139" status="PASS">
          <reporter-output>
          </reporter-output>
        </test-method> <!-- verifyingSignUpUserName -->
        <test-method is-config="true" signature="quitBrowser()[pri:0, instance:Question.testQuestionNo2@d29f28]" started-at="2022-05-13T13:49:13 IST" name="quitBrowser" finished-at="2022-05-13T13:49:13 IST" duration-ms="549" status="PASS">
          <reporter-output>
          </reporter-output>
        </test-method> <!-- quitBrowser -->
      </class> <!-- Question.testQuestionNo2 -->
    </test> <!-- Default test -->
  </suite> <!-- Default suite -->
</testng-results>
